<?xml version="1.0" encoding="UTF-8"?>
<testng-results skipped="0" failed="0" total="1" passed="1">
  <reporter-output>
  </reporter-output>
  <suite name="Default suite" duration-ms="14428" started-at="2022-07-22T12:33:25Z" finished-at="2022-07-22T12:33:40Z">
    <groups>
    </groups>
    <test name="Default test" duration-ms="14428" started-at="2022-07-22T12:33:25Z" finished-at="2022-07-22T12:33:40Z">
      <class name="com.aress.SwapnilPractice.Testcase">
        <test-method status="PASS" signature="testCase1()[pri:0, instance:com.aress.SwapnilPractice.Testcase@71075444]" name="testCase1" duration-ms="14412" started-at="2022-07-22T18:03:25Z" finished-at="2022-07-22T18:03:40Z">
          <reporter-output>
          </reporter-output>
        </test-method> <!-- testCase1 -->
      </class> <!-- com.aress.SwapnilPractice.Testcase -->
    </test> <!-- Default test -->
  </suite> <!-- Default suite -->
</testng-results>
